<?xml version="1.0" encoding="UTF-8"?>
<coverage generated="1777369144456" clover="3.2.0">
  <project timestamp="1777369144457" name="All files">
    <metrics statements="31" coveredstatements="30" conditionals="10" coveredconditionals="8" methods="12" coveredmethods="12" elements="53" coveredelements="50" complexity="0" loc="31" ncloc="31" packages="3" files="7" classes="7"/>
    <package name="src">
      <metrics statements="16" coveredstatements="15" conditionals="10" coveredconditionals="8" methods="3" coveredmethods="3"/>
      <file name="App.tsx" path="/home/vahe/React_Challenge/src/App.tsx">
        <metrics statements="1" coveredstatements="1" conditionals="0" coveredconditionals="0" methods="1" coveredmethods="1"/>
        <line num="5" count="2" type="stmt"/>
      </file>
      <file name="drawingReducer.ts" path="/home/vahe/React_Challenge/src/drawingReducer.ts">
        <metrics statements="15" coveredstatements="14" conditionals="10" coveredconditionals="8" methods="2" coveredmethods="2"/>
        <line num="18" count="2" type="stmt"/>
        <line num="24" count="22" type="cond" truecount="1" falsecount="1"/>
        <line num="31" count="15" type="cond" truecount="3" falsecount="1"/>
        <line num="33" count="8" type="stmt"/>
        <line num="35" count="8" type="stmt"/>
        <line num="42" count="4" type="cond" truecount="2" falsecount="0"/>
        <line num="43" count="1" type="stmt"/>
        <line num="46" count="3" type="stmt"/>
        <line num="47" count="3" type="stmt"/>
        <line num="49" count="3" type="stmt"/>
        <line num="56" count="3" type="cond" truecount="2" falsecount="0"/>
        <line num="57" count="1" type="stmt"/>
        <line num="60" count="2" type="stmt"/>
        <line num="62" count="2" type="stmt"/>
        <line num="69" count="0" type="stmt"/>
      </file>
    </package>
    <package name="src.components">
      <metrics statements="6" coveredstatements="6" conditionals="0" coveredconditionals="0" methods="5" coveredmethods="5"/>
      <file name="DrawingBoard.tsx" path="/home/vahe/React_Challenge/src/components/DrawingBoard.tsx">
        <metrics statements="2" coveredstatements="2" conditionals="0" coveredconditionals="0" methods="1" coveredmethods="1"/>
        <line num="13" count="10" type="stmt"/>
        <line num="16" count="10" type="stmt"/>
      </file>
      <file name="DrawingCanvas.tsx" path="/home/vahe/React_Challenge/src/components/DrawingCanvas.tsx">
        <metrics statements="2" coveredstatements="2" conditionals="0" coveredconditionals="0" methods="2" coveredmethods="2"/>
        <line num="10" count="10" type="stmt"/>
        <line num="21" count="12" type="stmt"/>
      </file>
      <file name="DrawingStats.tsx" path="/home/vahe/React_Challenge/src/components/DrawingStats.tsx">
        <metrics statements="1" coveredstatements="1" conditionals="0" coveredconditionals="0" methods="1" coveredmethods="1"/>
        <line num="12" count="10" type="stmt"/>
      </file>
      <file name="Toolbar.tsx" path="/home/vahe/React_Challenge/src/components/Toolbar.tsx">
        <metrics statements="1" coveredstatements="1" conditionals="0" coveredconditionals="0" methods="1" coveredmethods="1"/>
        <line num="14" count="10" type="stmt"/>
      </file>
    </package>
    <package name="src.hooks">
      <metrics statements="9" coveredstatements="9" conditionals="0" coveredconditionals="0" methods="4" coveredmethods="4"/>
      <file name="useDrawingHistory.ts" path="/home/vahe/React_Challenge/src/hooks/useDrawingHistory.ts">
        <metrics statements="9" coveredstatements="9" conditionals="0" coveredconditionals="0" methods="4" coveredmethods="4"/>
        <line num="9" count="1" type="stmt"/>
        <line num="12" count="10" type="stmt"/>
        <line num="13" count="10" type="stmt"/>
        <line num="16" count="5" type="stmt"/>
        <line num="17" count="5" type="stmt"/>
        <line num="19" count="5" type="stmt"/>
        <line num="31" count="2" type="stmt"/>
        <line num="35" count="1" type="stmt"/>
        <line num="38" count="10" type="stmt"/>
      </file>
    </package>
  </project>
</coverage>
