{"/home/vahe/React_Challenge/src/App.tsx": {"path":"/home/vahe/React_Challenge/src/App.tsx","statementMap":{"0":{"start":{"line":5,"column":2},"end":{"line":16,"column":null}}},"fnMap":{"0":{"name":"App","decl":{"start":{"line":4,"column":9},"end":{"line":4,"column":15}},"loc":{"start":{"line":4,"column":15},"end":{"line":16,"column":null}},"line":4}},"branchMap":{},"s":{"0":2},"f":{"0":2},"b":{},"meta":{"lastBranch":0,"lastFunction":1,"lastStatement":1,"seen":{"f:4:9:4:15":0,"s:5:2:16:Infinity":0}}}
,"/home/vahe/React_Challenge/src/drawingReducer.ts": {"path":"/home/vahe/React_Challenge/src/drawingReducer.ts","statementMap":{"0":{"start":{"line":18,"column":49},"end":{"line":21,"column":null}},"1":{"start":{"line":24,"column":2},"end":{"line":24,"column":null}},"2":{"start":{"line":31,"column":2},"end":{"line":69,"column":null}},"3":{"start":{"line":33,"column":28},"end":{"line":33,"column":51}},"4":{"start":{"line":35,"column":6},"end":{"line":38,"column":null}},"5":{"start":{"line":42,"column":6},"end":{"line":43,"column":null}},"6":{"start":{"line":43,"column":8},"end":{"line":43,"column":null}},"7":{"start":{"line":46,"column":30},"end":{"line":46,"column":56}},"8":{"start":{"line":47,"column":26},"end":{"line":47,"column":null}},"9":{"start":{"line":49,"column":6},"end":{"line":52,"column":null}},"10":{"start":{"line":56,"column":6},"end":{"line":57,"column":null}},"11":{"start":{"line":57,"column":8},"end":{"line":57,"column":null}},"12":{"start":{"line":60,"column":24},"end":{"line":60,"column":null}},"13":{"start":{"line":62,"column":6},"end":{"line":65,"column":null}},"14":{"start":{"line":69,"column":6},"end":{"line":69,"column":null}}},"fnMap":{"0":{"name":"getCurrentPoints","decl":{"start":{"line":23,"column":16},"end":{"line":23,"column":33}},"loc":{"start":{"line":23,"column":54},"end":{"line":24,"column":null}},"line":23},"1":{"name":"drawingReducer","decl":{"start":{"line":27,"column":16},"end":{"line":27,"column":null}},"loc":{"start":{"line":30,"column":16},"end":{"line":69,"column":null}},"line":30}},"branchMap":{"0":{"loc":{"start":{"line":24,"column":9},"end":{"line":24,"column":54}},"type":"binary-expr","locations":[{"start":{"line":24,"column":9},"end":{"line":24,"column":52}},{"start":{"line":24,"column":52},"end":{"line":24,"column":54}}],"line":24},"1":{"loc":{"start":{"line":31,"column":2},"end":{"line":69,"column":null}},"type":"switch","locations":[{"start":{"line":32,"column":4},"end":{"line":38,"column":null}},{"start":{"line":41,"column":4},"end":{"line":52,"column":null}},{"start":{"line":55,"column":4},"end":{"line":65,"column":null}},{"start":{"line":68,"column":4},"end":{"line":69,"column":null}}],"line":31},"2":{"loc":{"start":{"line":42,"column":6},"end":{"line":43,"column":null}},"type":"if","locations":[{"start":{"line":42,"column":6},"end":{"line":43,"column":null}},{"start":{},"end":{}}],"line":42},"3":{"loc":{"start":{"line":56,"column":6},"end":{"line":57,"column":null}},"type":"if","locations":[{"start":{"line":56,"column":6},"end":{"line":57,"column":null}},{"start":{},"end":{}}],"line":56}},"s":{"0":2,"1":22,"2":15,"3":8,"4":8,"5":4,"6":1,"7":3,"8":3,"9":3,"10":3,"11":1,"12":2,"13":2,"14":0},"f":{"0":22,"1":15},"b":{"0":[22,0],"1":[8,4,3,0],"2":[1,3],"3":[1,2]},"meta":{"lastBranch":4,"lastFunction":2,"lastStatement":15,"seen":{"s:18:49:21:Infinity":0,"f:23:16:23:33":0,"s:24:2:24:Infinity":1,"b:24:9:24:52:24:52:24:54":0,"f:27:16:27:Infinity":1,"b:32:4:38:Infinity:41:4:52:Infinity:55:4:65:Infinity:68:4:69:Infinity":1,"s:31:2:69:Infinity":2,"s:33:28:33:51":3,"s:35:6:38:Infinity":4,"b:42:6:43:Infinity:undefined:undefined:undefined:undefined":2,"s:42:6:43:Infinity":5,"s:43:8:43:Infinity":6,"s:46:30:46:56":7,"s:47:26:47:Infinity":8,"s:49:6:52:Infinity":9,"b:56:6:57:Infinity:undefined:undefined:undefined:undefined":3,"s:56:6:57:Infinity":10,"s:57:8:57:Infinity":11,"s:60:24:60:Infinity":12,"s:62:6:65:Infinity":13,"s:69:6:69:Infinity":14}}}
,"/home/vahe/React_Challenge/src/components/DrawingBoard.tsx": {"path":"/home/vahe/React_Challenge/src/components/DrawingBoard.tsx","statementMap":{"0":{"start":{"line":13,"column":4},"end":{"line":14,"column":25}},"1":{"start":{"line":16,"column":2},"end":{"line":32,"column":null}}},"fnMap":{"0":{"name":"DrawingBoard","decl":{"start":{"line":6,"column":16},"end":{"line":6,"column":31}},"loc":{"start":{"line":6,"column":31},"end":{"line":32,"column":null}},"line":6}},"branchMap":{},"s":{"0":10,"1":10},"f":{"0":10},"b":{},"meta":{"lastBranch":0,"lastFunction":1,"lastStatement":2,"seen":{"f:6:16:6:31":0,"s:13:4:14:25":0,"s:16:2:32:Infinity":1}}}
,"/home/vahe/React_Challenge/src/components/DrawingCanvas.tsx": {"path":"/home/vahe/React_Challenge/src/components/DrawingCanvas.tsx","statementMap":{"0":{"start":{"line":10,"column":2},"end":{"line":31,"column":null}},"1":{"start":{"line":21,"column":8},"end":{"line":30,"column":null}}},"fnMap":{"0":{"name":"DrawingCanvas","decl":{"start":{"line":9,"column":16},"end":{"line":9,"column":30}},"loc":{"start":{"line":9,"column":74},"end":{"line":31,"column":null}},"line":9},"1":{"name":"(anonymous_1)","decl":{"start":{"line":20,"column":14},"end":{"line":20,"column":19}},"loc":{"start":{"line":21,"column":8},"end":{"line":30,"column":null}},"line":21}},"branchMap":{},"s":{"0":10,"1":12},"f":{"0":10,"1":12},"b":{},"meta":{"lastBranch":0,"lastFunction":2,"lastStatement":2,"seen":{"f:9:16:9:30":0,"s:10:2:31:Infinity":0,"f:20:14:20:19":1,"s:21:8:30:Infinity":1}}}
,"/home/vahe/React_Challenge/src/components/DrawingStats.tsx": {"path":"/home/vahe/React_Challenge/src/components/DrawingStats.tsx","statementMap":{"0":{"start":{"line":12,"column":2},"end":{"line":25,"column":null}}},"fnMap":{"0":{"name":"DrawingStats","decl":{"start":{"line":7,"column":16},"end":{"line":7,"column":29}},"loc":{"start":{"line":11,"column":22},"end":{"line":25,"column":null}},"line":11}},"branchMap":{},"s":{"0":10},"f":{"0":10},"b":{},"meta":{"lastBranch":0,"lastFunction":1,"lastStatement":1,"seen":{"f:7:16:7:29":0,"s:12:2:25:Infinity":0}}}
,"/home/vahe/React_Challenge/src/components/Toolbar.tsx": {"path":"/home/vahe/React_Challenge/src/components/Toolbar.tsx","statementMap":{"0":{"start":{"line":14,"column":2},"end":{"line":20,"column":null}}},"fnMap":{"0":{"name":"Toolbar","decl":{"start":{"line":8,"column":16},"end":{"line":8,"column":24}},"loc":{"start":{"line":13,"column":17},"end":{"line":20,"column":null}},"line":13}},"branchMap":{},"s":{"0":10},"f":{"0":10},"b":{},"meta":{"lastBranch":0,"lastFunction":1,"lastStatement":1,"seen":{"f:8:16:8:24":0,"s:14:2:20:Infinity":0}}}
,"/home/vahe/React_Challenge/src/hooks/useDrawingHistory.ts": {"path":"/home/vahe/React_Challenge/src/hooks/useDrawingHistory.ts","statementMap":{"0":{"start":{"line":9,"column":20},"end":{"line":9,"column":null}},"1":{"start":{"line":12,"column":16},"end":{"line":12,"column":75}},"2":{"start":{"line":13,"column":8},"end":{"line":13,"column":40}},"3":{"start":{"line":16,"column":19},"end":{"line":16,"column":62}},"4":{"start":{"line":17,"column":15},"end":{"line":17,"column":null}},"5":{"start":{"line":19,"column":4},"end":{"line":27,"column":null}},"6":{"start":{"line":31,"column":4},"end":{"line":31,"column":null}},"7":{"start":{"line":35,"column":4},"end":{"line":35,"column":null}},"8":{"start":{"line":38,"column":2},"end":{"line":45,"column":null}}},"fnMap":{"0":{"name":"useDrawingHistory","decl":{"start":{"line":11,"column":16},"end":{"line":11,"column":36}},"loc":{"start":{"line":11,"column":36},"end":{"line":45,"column":null}},"line":11},"1":{"name":"addPoint","decl":{"start":{"line":15,"column":11},"end":{"line":15,"column":20}},"loc":{"start":{"line":15,"column":55},"end":{"line":27,"column":null}},"line":15},"2":{"name":"undo","decl":{"start":{"line":30,"column":11},"end":{"line":30,"column":18}},"loc":{"start":{"line":30,"column":18},"end":{"line":31,"column":null}},"line":30},"3":{"name":"redo","decl":{"start":{"line":34,"column":11},"end":{"line":34,"column":18}},"loc":{"start":{"line":34,"column":18},"end":{"line":35,"column":null}},"line":34}},"branchMap":{},"s":{"0":1,"1":10,"2":10,"3":5,"4":5,"5":5,"6":2,"7":1,"8":10},"f":{"0":10,"1":5,"2":2,"3":1},"b":{},"meta":{"lastBranch":0,"lastFunction":4,"lastStatement":9,"seen":{"s:9:20:9:Infinity":0,"f:11:16:11:36":0,"s:12:16:12:75":1,"s:13:8:13:40":2,"f:15:11:15:20":1,"s:16:19:16:62":3,"s:17:15:17:Infinity":4,"s:19:4:27:Infinity":5,"f:30:11:30:18":2,"s:31:4:31:Infinity":6,"f:34:11:34:18":3,"s:35:4:35:Infinity":7,"s:38:2:45:Infinity":8}}}
}
